<?xml version="1.0" encoding="UTF-8"?>
<robot generator="Robot 5.0.1 (Python 3.10.5 on win32)" generated="20220622 22:25:45.365" rpa="false" schemaversion="3">
<suite id="s1" name="Amazon Testes" source="c:\Users\psych\OneDrive\Documentos\QA\curso-robot-framework\webTesting\amazon_testes.robot">
<test id="s1-t1" name="CT01 - Acesso ao menu &quot;Eletrônicos&quot;" line="8">
<kw name="Abrir o navegador" library="amazon_resources" type="SETUP">
<kw name="Open Browser" library="SeleniumLibrary">
<arg>browser=chrome</arg>
<doc>Opens a new browser instance to the optional ``url``.</doc>
<msg timestamp="20220622 22:25:45.743" level="INFO">Opening browser 'chrome' to base url 'None'.</msg>
<status status="PASS" starttime="20220622 22:25:45.743" endtime="20220622 22:25:47.589"/>
</kw>
<kw name="Maximize Browser Window" library="SeleniumLibrary">
<doc>Maximizes current browser window.</doc>
<status status="PASS" starttime="20220622 22:25:47.594" endtime="20220622 22:25:47.883"/>
</kw>
<status status="PASS" starttime="20220622 22:25:45.742" endtime="20220622 22:25:47.884"/>
</kw>
<kw name="Acessar a home page do site Amazon.com.br" library="amazon_resources">
<kw name="Go To" library="SeleniumLibrary">
<arg>url=${URL}</arg>
<doc>Navigates the current browser window to the provided ``url``.</doc>
<msg timestamp="20220622 22:25:47.888" level="INFO">Opening url 'https://www.amazon.com.br/'</msg>
<status status="PASS" starttime="20220622 22:25:47.887" endtime="20220622 22:25:54.061"/>
</kw>
<kw name="Wait Until Element Is Visible" library="SeleniumLibrary">
<arg>locator=${MENU_ELETRONICOS}</arg>
<doc>Waits until the element ``locator`` is visible.</doc>
<status status="PASS" starttime="20220622 22:25:54.061" endtime="20220622 22:25:54.141"/>
</kw>
<status status="PASS" starttime="20220622 22:25:47.886" endtime="20220622 22:25:54.142"/>
</kw>
<kw name="Entrar no menu &quot;Eletrônicos&quot;" library="amazon_resources">
<kw name="Click Element" library="SeleniumLibrary">
<arg>locator=${MENU_ELETRONICOS}</arg>
<doc>Click the element identified by ``locator``.</doc>
<msg timestamp="20220622 22:25:54.144" level="INFO">Clicking element '//a[@href='/Eletronicos-e-Tecnologia/b/?ie=UTF8&amp;node=16209062011&amp;ref_=nav_cs_electronics'][contains(.,'Eletrônicos')]'.</msg>
<status status="PASS" starttime="20220622 22:25:54.143" endtime="20220622 22:25:59.014"/>
</kw>
<status status="PASS" starttime="20220622 22:25:54.143" endtime="20220622 22:25:59.014"/>
</kw>
<kw name="Verificar se aparece a frase &quot;Eletrônicos e Tecnologia&quot;" library="amazon_resources" sourcename="Verificar se aparece a frase &quot;${TEXTO_ELETRONICOS}&quot;">
<kw name="Wait Until Page Contains" library="SeleniumLibrary">
<arg>text=${TEXTO_ELETRONICOS}</arg>
<doc>Waits until ``text`` appears on the current page.</doc>
<status status="PASS" starttime="20220622 22:25:59.016" endtime="20220622 22:25:59.217"/>
</kw>
<kw name="Wait Until Element Is Visible" library="SeleniumLibrary">
<arg>locator=${HEADER_ELETRONICOS}</arg>
<doc>Waits until the element ``locator`` is visible.</doc>
<status status="PASS" starttime="20220622 22:25:59.217" endtime="20220622 22:25:59.415"/>
</kw>
<status status="PASS" starttime="20220622 22:25:59.015" endtime="20220622 22:25:59.416"/>
</kw>
<kw name="Verificar se o título da página fica &quot;Eletrônicos e Tecnologia | Amazon.com.br&quot;" library="amazon_resources" sourcename="Verificar se o título da página fica &quot;${TITULO}&quot;">
<kw name="Title Should Be" library="SeleniumLibrary">
<arg>title=${TITULO}</arg>
<doc>Verifies that the current page title equals ``title``.</doc>
<msg timestamp="20220622 22:25:59.498" level="INFO">Page title is 'Eletrônicos e Tecnologia | Amazon.com.br'.</msg>
<status status="PASS" starttime="20220622 22:25:59.418" endtime="20220622 22:25:59.499"/>
</kw>
<status status="PASS" starttime="20220622 22:25:59.417" endtime="20220622 22:25:59.499"/>
</kw>
<kw name="Verificar se aparece a categoria &quot;Computadores e Informática&quot;" library="amazon_resources" sourcename="Verificar se aparece a categoria &quot;${NOME_CATEGORIA}&quot;">
<kw name="Element Should Be Visible" library="SeleniumLibrary">
<arg>locator=//a[@aria-label='${NOME_CATEGORIA}']</arg>
<doc>Verifies that the element identified by ``locator`` is visible.</doc>
<msg timestamp="20220622 22:25:59.676" level="INFO">Element '//a[@aria-label='Computadores e Informática']' is displayed.</msg>
<status status="PASS" starttime="20220622 22:25:59.502" endtime="20220622 22:25:59.676"/>
</kw>
<status status="PASS" starttime="20220622 22:25:59.501" endtime="20220622 22:25:59.676"/>
</kw>
<kw name="Fechar o navegador" library="amazon_resources" type="TEARDOWN">
<kw name="Close Browser" library="SeleniumLibrary">
<doc>Closes the current browser.</doc>
<status status="PASS" starttime="20220622 22:25:59.679" endtime="20220622 22:26:02.144"/>
</kw>
<status status="PASS" starttime="20220622 22:25:59.678" endtime="20220622 22:26:02.144"/>
</kw>
<doc>Esse teste verifica o menu eletrônicos do site da Amazon.com.br
E verifica a categoria computadores e informática</doc>
<tag>categorias</tag>
<tag>menus</tag>
<status status="PASS" starttime="20220622 22:25:45.740" endtime="20220622 22:26:02.145"/>
</test>
<doc>Essa suite testa o site da Amazon.com.br</doc>
<status status="PASS" starttime="20220622 22:25:45.372" endtime="20220622 22:26:02.147"/>
</suite>
<statistics>
<total>
<stat pass="1" fail="0" skip="0">All Tests</stat>
</total>
<tag>
<stat pass="1" fail="0" skip="0">categorias</stat>
<stat pass="1" fail="0" skip="0">menus</stat>
</tag>
<suite>
<stat pass="1" fail="0" skip="0" id="s1" name="Amazon Testes">Amazon Testes</stat>
</suite>
</statistics>
<errors>
</errors>
</robot>
