<?xml version="1.0" encoding="UTF-8"?>
<robot generator="Robot 5.0.1 (Python 3.10.5 on win32)" generated="20220810 22:04:53.932" rpa="false" schemaversion="3">
<suite id="s1" name="Curso-Robot-Framework" source="C:\Users\psych\OneDrive\Documentos\QA\curso-robot-framework">
<suite id="s1-s1" name="Api" source="C:\Users\psych\OneDrive\Documentos\QA\curso-robot-framework\api">
<suite id="s1-s1-s1" name="fakeAPI" source="C:\Users\psych\OneDrive\Documentos\QA\curso-robot-framework\api\fakeAPI">
<suite id="s1-s1-s1-s1" name="Tests" source="C:\Users\psych\OneDrive\Documentos\QA\curso-robot-framework\api\fakeAPI\tests">
<suite id="s1-s1-s1-s1-s1" name="postBooks" source="C:\Users\psych\OneDrive\Documentos\QA\curso-robot-framework\api\fakeAPI\tests\postBooks.robot">
<kw name="Conectar a minha API" library="hooks" type="SETUP">
<kw name="Create Session" library="RequestsLibrary">
<arg>fakeAPI</arg>
<arg>${URL}</arg>
<doc>Create Session: create a HTTP session to a server</doc>
<msg timestamp="20220810 22:04:54.310" level="INFO">Creating Session using : alias=fakeAPI, url=https://fakerestapi.azurewebsites.net/api/v1/, headers={},                     cookies={}, auth=None, timeout=None, proxies=None, verify=False,                     debug=0 </msg>
<status status="PASS" starttime="20220810 22:04:54.309" endtime="20220810 22:04:54.313"/>
</kw>
<status status="PASS" starttime="20220810 22:04:54.307" endtime="20220810 22:04:54.313"/>
</kw>
<test id="s1-s1-s1-s1-s1-t1" name="Cadastrar um novo livro (POST)" line="10">
<kw name="Cadastrar um novo livro" library="post">
<kw name="POST On Session" library="RequestsLibrary">
<var>${RESPOSTA}</var>
<arg>fakeAPI</arg>
<arg>Books</arg>
<arg>data={"id": 2323,"title": "teste","description": "teste","pageCount": 200,"excerpt": "string","publishDate": "2022-08-10T23:06:07.838Z"}</arg>
<arg>headers=&amp;{HEADERS}</arg>
<doc>Sends a POST request on a previously created HTTP Session.</doc>
<msg timestamp="20220810 22:04:55.262" level="INFO">POST Request : url=https://fakerestapi.azurewebsites.net/api/v1/Books 
 path_url=/api/v1/Books 
 headers={'User-Agent': 'python-requests/2.28.0', 'Accept-Encoding': 'gzip, deflate', 'Accept': '*/*', 'Connection': 'keep-alive', 'content-type': 'application/json', 'Content-Length': '131'} 
 body={"id": 2323,"title": "teste","description": "teste","pageCount": 200,"excerpt": "string","publishDate": "2022-08-10T23:06:07.838Z"} 
 </msg>
<msg timestamp="20220810 22:04:55.264" level="INFO">POST Response : url=https://fakerestapi.azurewebsites.net/api/v1/Books 
 status=200, reason=OK 
 headers={'Content-Type': 'application/json; charset=utf-8; v=1.0', 'Date': 'Thu, 11 Aug 2022 01:04:54 GMT', 'Server': 'Kestrel', 'Transfer-Encoding': 'chunked', 'api-supported-versions': '1.0'} 
 body={"id":2323,"title":"teste","description":"teste","pageCount":200,"excerpt":"string","publishDate":"2022-08-10T23:06:07.838Z"} 
 </msg>
<msg timestamp="20220810 22:04:55.265" level="INFO">C:\Users\psych\AppData\Local\Programs\Python\Python310\lib\site-packages\urllib3\connectionpool.py:1043: InsecureRequestWarning: Unverified HTTPS request is being made to host 'fakerestapi.azurewebsites.net'. Adding certificate verification is strongly advised. See: https://urllib3.readthedocs.io/en/1.26.x/advanced-usage.html#ssl-warnings
  warnings.warn(</msg>
<msg timestamp="20220810 22:04:55.267" level="INFO">${RESPOSTA} = &lt;Response [200]&gt;</msg>
<status status="PASS" starttime="20220810 22:04:54.321" endtime="20220810 22:04:55.271"/>
</kw>
<kw name="Log" library="BuiltIn">
<arg>${RESPOSTA.text}</arg>
<doc>Logs the given message with the given level.</doc>
<msg timestamp="20220810 22:04:55.274" level="INFO">{"id":2323,"title":"teste","description":"teste","pageCount":200,"excerpt":"string","publishDate":"2022-08-10T23:06:07.838Z"}</msg>
<status status="PASS" starttime="20220810 22:04:55.272" endtime="20220810 22:04:55.276"/>
</kw>
<kw name="Set Test Variable" library="BuiltIn">
<arg>${RESPOSTA}</arg>
<doc>Makes a variable available everywhere within the scope of the current test.</doc>
<msg timestamp="20220810 22:04:55.278" level="INFO">${RESPOSTA} = &lt;Response [200]&gt;</msg>
<status status="PASS" starttime="20220810 22:04:55.277" endtime="20220810 22:04:55.280"/>
</kw>
<kw name="Editar variável book para &quot;POST&quot;" library="hooks" sourcename="Editar variável book para &quot;${ACAO}&quot;">
<kw name="Set To Dictionary" library="Collections">
<arg>${BOOK}</arg>
<arg>id</arg>
<arg>${${ACAO}.id}</arg>
<arg>title</arg>
<arg>${${ACAO}.title}</arg>
<arg>description</arg>
<arg>${${ACAO}.description}</arg>
<arg>pageCount</arg>
<arg>${${ACAO}.pageCount}</arg>
<arg>excerpt</arg>
<arg>${${ACAO}.excerpt}</arg>
<arg>publishDate</arg>
<arg>${${ACAO}.publishDate}</arg>
<doc>Adds the given ``key_value_pairs`` and ``items`` to the ``dictionary``.</doc>
<status status="PASS" starttime="20220810 22:04:55.282" endtime="20220810 22:04:55.288"/>
</kw>
<status status="PASS" starttime="20220810 22:04:55.280" endtime="20220810 22:04:55.289"/>
</kw>
<status status="PASS" starttime="20220810 22:04:54.319" endtime="20220810 22:04:55.289"/>
</kw>
<kw name="Conferir o status code" library="hooks">
<arg>200</arg>
<kw name="Should Be Equal As Strings" library="BuiltIn">
<arg>${RESPOSTA.status_code}</arg>
<arg>${STATUSCODE_DESEJADO}</arg>
<doc>Fails if objects are unequal after converting them to strings.</doc>
<msg timestamp="20220810 22:04:55.292" level="INFO">Argument types are:
&lt;class 'int'&gt;
&lt;class 'str'&gt;</msg>
<status status="PASS" starttime="20220810 22:04:55.291" endtime="20220810 22:04:55.294"/>
</kw>
<status status="PASS" starttime="20220810 22:04:55.290" endtime="20220810 22:04:55.295"/>
</kw>
<kw name="Conferir o reason" library="hooks">
<arg>OK</arg>
<kw name="Should Be Equal As Strings" library="BuiltIn">
<arg>${RESPOSTA.reason}</arg>
<arg>${REASON_DESEJADO}</arg>
<doc>Fails if objects are unequal after converting them to strings.</doc>
<status status="PASS" starttime="20220810 22:04:55.297" endtime="20220810 22:04:55.300"/>
</kw>
<status status="PASS" starttime="20220810 22:04:55.296" endtime="20220810 22:04:55.300"/>
</kw>
<kw name="Conferir o cadastro do livro conforme dados enviados" library="hooks">
<kw name="Dictionary Should Contain Item" library="Collections">
<arg>${RESPOSTA.json()}</arg>
<arg>id</arg>
<arg>${BOOK.id}</arg>
<doc>An item of ``key`` / ``value`` must be found in a ``dictionary``.</doc>
<status status="PASS" starttime="20220810 22:04:55.302" endtime="20220810 22:04:55.306"/>
</kw>
<kw name="Dictionary Should Contain Item" library="Collections">
<arg>${RESPOSTA.json()}</arg>
<arg>title</arg>
<arg>${BOOK.title}</arg>
<doc>An item of ``key`` / ``value`` must be found in a ``dictionary``.</doc>
<status status="PASS" starttime="20220810 22:04:55.307" endtime="20220810 22:04:55.310"/>
</kw>
<kw name="Dictionary Should Contain Item" library="Collections">
<arg>${RESPOSTA.json()}</arg>
<arg>description</arg>
<arg>${BOOK.description}</arg>
<doc>An item of ``key`` / ``value`` must be found in a ``dictionary``.</doc>
<status status="PASS" starttime="20220810 22:04:55.310" endtime="20220810 22:04:55.313"/>
</kw>
<kw name="Dictionary Should Contain Item" library="Collections">
<arg>${RESPOSTA.json()}</arg>
<arg>pageCount</arg>
<arg>${BOOK.pageCount}</arg>
<doc>An item of ``key`` / ``value`` must be found in a ``dictionary``.</doc>
<status status="PASS" starttime="20220810 22:04:55.313" endtime="20220810 22:04:55.316"/>
</kw>
<kw name="Dictionary Should Contain Item" library="Collections">
<arg>${RESPOSTA.json()}</arg>
<arg>excerpt</arg>
<arg>${BOOK.excerpt}</arg>
<doc>An item of ``key`` / ``value`` must be found in a ``dictionary``.</doc>
<status status="PASS" starttime="20220810 22:04:55.316" endtime="20220810 22:04:55.318"/>
</kw>
<kw name="Dictionary Should Contain Item" library="Collections">
<arg>${RESPOSTA.json()}</arg>
<arg>publishDate</arg>
<arg>${BOOK.publishDate}</arg>
<doc>An item of ``key`` / ``value`` must be found in a ``dictionary``.</doc>
<status status="PASS" starttime="20220810 22:04:55.318" endtime="20220810 22:04:55.327"/>
</kw>
<status status="PASS" starttime="20220810 22:04:55.301" endtime="20220810 22:04:55.328"/>
</kw>
<tag>postBooks</tag>
<status status="PASS" starttime="20220810 22:04:54.314" endtime="20220810 22:04:55.329"/>
</test>
<doc>Documentação da API: https://fakerestapi.azurewebsites.net/index.html</doc>
<status status="PASS" starttime="20220810 22:04:54.056" endtime="20220810 22:04:55.333"/>
</suite>
<status status="PASS" starttime="20220810 22:04:54.046" endtime="20220810 22:04:55.346"/>
</suite>
<status status="PASS" starttime="20220810 22:04:54.031" endtime="20220810 22:04:55.361"/>
</suite>
<status status="PASS" starttime="20220810 22:04:54.021" endtime="20220810 22:04:55.366"/>
</suite>
<status status="PASS" starttime="20220810 22:04:53.942" endtime="20220810 22:04:55.379"/>
</suite>
<statistics>
<total>
<stat pass="1" fail="0" skip="0">All Tests</stat>
</total>
<tag>
<stat pass="1" fail="0" skip="0">postBooks</stat>
</tag>
<suite>
<stat pass="1" fail="0" skip="0" id="s1" name="Curso-Robot-Framework">Curso-Robot-Framework</stat>
<stat pass="1" fail="0" skip="0" id="s1-s1" name="Api">Curso-Robot-Framework.Api</stat>
<stat pass="1" fail="0" skip="0" id="s1-s1-s1" name="fakeAPI">Curso-Robot-Framework.Api.fakeAPI</stat>
<stat pass="1" fail="0" skip="0" id="s1-s1-s1-s1" name="Tests">Curso-Robot-Framework.Api.fakeAPI.Tests</stat>
<stat pass="1" fail="0" skip="0" id="s1-s1-s1-s1-s1" name="postBooks">Curso-Robot-Framework.Api.fakeAPI.Tests.postBooks</stat>
</suite>
</statistics>
<errors>
</errors>
</robot>
